[debug] [2023-12-24T09:01:09.924Z] ----------------------------------------------------------------------
[debug] [2023-12-24T09:01:09.980Z] Command:       C:\Program Files\nodejs\node.exe C:\Users\Admin\AppData\Roaming\npm\node_modules\firebase-tools\lib\bin\firebase.js init
[debug] [2023-12-24T09:01:10.011Z] CLI Version:   12.7.0
[debug] [2023-12-24T09:01:10.026Z] Platform:      win32
[debug] [2023-12-24T09:01:10.029Z] Node Version:  v18.17.0
[debug] [2023-12-24T09:01:10.041Z] Time:          Sun Dec 24 2023 14:31:10 GMT+0530 (India Standard Time)
[debug] [2023-12-24T09:01:10.042Z] ----------------------------------------------------------------------
[debug] 
[debug] [2023-12-24T09:01:10.754Z] > command requires scopes: ["email","openid","https://www.googleapis.com/auth/cloudplatformprojects.readonly","https://www.googleapis.com/auth/firebase","https://www.googleapis.com/auth/cloud-platform"]
[debug] [2023-12-24T09:01:10.757Z] > authorizing via signed-in user (sohamvjagtap9750@gmail.com)
[info] 
     ######## #### ########  ######## ########     ###     ######  ########
     ##        ##  ##     ## ##       ##     ##  ##   ##  ##       ##
     ######    ##  ########  ######   ########  #########  ######  ######
     ##        ##  ##    ##  ##       ##     ## ##     ##       ## ##
     ##       #### ##     ## ######## ########  ##     ##  ######  ########

You're about to initialize a Firebase project in this directory:

  C:\Users\Admin\Desktop\React\TextTrendify

Before we get started, keep in mind:

  * You are initializing within an existing Firebase project directory

[info] 
=== Project Setup
[info] 
[info] First, let's associate this project directory with a Firebase project.
[info] You can create multiple project aliases by running firebase use --add, 
[info] but for now we'll just set up a default project.
[info] 
[debug] [2023-12-24T09:01:43.564Z] Using project from CLI flag: textutils-reactapp
[debug] [2023-12-24T09:01:43.570Z] > refreshing access token with scopes: []
[debug] [2023-12-24T09:01:43.578Z] >>> [apiv2][query] POST https://www.googleapis.com/oauth2/v3/token [none]
[debug] [2023-12-24T09:01:43.579Z] >>> [apiv2][body] POST https://www.googleapis.com/oauth2/v3/token [omitted]
[debug] [2023-12-24T09:01:44.742Z] <<< [apiv2][status] POST https://www.googleapis.com/oauth2/v3/token 200
[debug] [2023-12-24T09:01:44.743Z] <<< [apiv2][body] POST https://www.googleapis.com/oauth2/v3/token [omitted]
[debug] [2023-12-24T09:01:44.777Z] >>> [apiv2][query] GET https://firebase.googleapis.com/v1beta1/projects/textutils-reactapp [none]
[debug] [2023-12-24T09:01:45.833Z] <<< [apiv2][status] GET https://firebase.googleapis.com/v1beta1/projects/textutils-reactapp 200
[debug] [2023-12-24T09:01:45.834Z] <<< [apiv2][body] GET https://firebase.googleapis.com/v1beta1/projects/textutils-reactapp {"projectId":"textutils-reactapp","projectNumber":"288944695331","displayName":"Textutils-reactapp","name":"projects/textutils-reactapp","resources":{"hostingSite":"textutils-reactapp"},"state":"ACTIVE","etag":"1_6a0dc78f-3baf-473e-b14a-ee2cea5d2fc6"}
[info] i  Using project textutils-reactapp (Textutils-reactapp) 
[info] 
=== Hosting Setup
[info] 
[info] Your public directory is the folder (relative to your project directory) that
[info] will contain Hosting assets to be uploaded with firebase deploy. If you
[info] have a build process for your assets, use your build's output directory.
[info] 
[debug] [2023-12-24T09:03:09.681Z] >>> [apiv2][query] GET https://www.gstatic.com/firebasejs/releases.json [none]
[debug] [2023-12-24T09:03:10.300Z] <<< [apiv2][status] GET https://www.gstatic.com/firebasejs/releases.json 200
[debug] [2023-12-24T09:03:10.301Z] <<< [apiv2][body] GET https://www.gstatic.com/firebasejs/releases.json {"current":{"version":"10.7.1","browserURL":"https://www.gstatic.com/firebasejs/10.7.1/firebase.js","packageURL":"https://www.gstatic.com/firebasejs/10.7.1/firebase.tgz"},"live":{"version":"10.7","browserURL":"https://www.gstatic.com/firebasejs/live/10.7/firebase.js","packageURL":"https://www.gstatic.com/firebasejs/live/10.7/firebase.tgz"},"components":{"analytics":"https://www.gstatic.com/firebasejs/10.7.1/firebase-analytics.js","app":"https://www.gstatic.com/firebasejs/10.7.1/firebase-app.js","app-check":"https://www.gstatic.com/firebasejs/10.7.1/firebase-app-check.js","auth":"https://www.gstatic.com/firebasejs/10.7.1/firebase-auth.js","auth/cordova":"https://www.gstatic.com/firebasejs/10.7.1/firebase-auth/cordova.js","functions":"https://www.gstatic.com/firebasejs/10.7.1/firebase-functions.js","firestore":"https://www.gstatic.com/firebasejs/10.7.1/firebase-firestore.js","firestore/lite":"https://www.gstatic.com/firebasejs/10.7.1/firebase-firestore/lite.js","installations":"https://www.gstatic.com/firebasejs/10.7.1/firebase-installations.js","storage":"https://www.gstatic.com/firebasejs/10.7.1/firebase-storage.js","performance":"https://www.gstatic.com/firebasejs/10.7.1/firebase-performance.js","remote-config":"https://www.gstatic.com/firebasejs/10.7.1/firebase-remote-config.js","messaging":"https://www.gstatic.com/firebasejs/10.7.1/firebase-messaging.js","messaging/sw":"https://www.gstatic.com/firebasejs/10.7.1/firebase-messaging/sw.js","database":"https://www.gstatic.com/firebasejs/10.7.1/firebase-database.js","firestore.memory":"https://www.gstatic.com/firebasejs/10.7.1/firebase-firestore.memory.js"}}
[info] i  Skipping write of build/index.html 
[info] 
[info] i  Detected a .git folder at C:\Users\Admin\Desktop\React\TextTrendify 
[info] i  Authorizing with GitHub to upload your service account to a GitHub repository's secrets store. 
[info] 
[info] Visit this URL on this device to log in:
[info] https://github.com/login/oauth/authorize?client_id=89cf50f02ac6aaed3484&state=56212470&redirect_uri=http%3A%2F%2Flocalhost%3A9005&scope=read%3Auser%20repo%20public_repo
[info] 
[info] Waiting for authentication...
[debug] [2023-12-24T09:03:26.532Z] >>> [apiv2][query] POST https://github.com/login/oauth/access_token [none]
[debug] [2023-12-24T09:03:26.533Z] >>> [apiv2][body] POST https://github.com/login/oauth/access_token [stream]
[debug] [2023-12-24T09:03:27.788Z] <<< [apiv2][status] POST https://github.com/login/oauth/access_token 200
[debug] [2023-12-24T09:03:27.788Z] <<< [apiv2][body] POST https://github.com/login/oauth/access_token {"access_token":"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","token_type":"bearer","scope":"read:user,repo"}
[debug] [2023-12-24T09:03:27.822Z] >>> [apiv2][query] GET https://api.github.com/user [none]
[debug] [2023-12-24T09:03:28.436Z] <<< [apiv2][status] GET https://api.github.com/user 200
[debug] [2023-12-24T09:03:28.436Z] <<< [apiv2][body] GET https://api.github.com/user {"login":"SOHAM2543","id":91179991,"node_id":"MDQ6VXNlcjkxMTc5OTkx","avatar_url":"https://avatars.githubusercontent.com/u/91179991?v=4","gravatar_id":"","url":"https://api.github.com/users/SOHAM2543","html_url":"https://github.com/SOHAM2543","followers_url":"https://api.github.com/users/SOHAM2543/followers","following_url":"https://api.github.com/users/SOHAM2543/following{/other_user}","gists_url":"https://api.github.com/users/SOHAM2543/gists{/gist_id}","starred_url":"https://api.github.com/users/SOHAM2543/starred{/owner}{/repo}","subscriptions_url":"https://api.github.com/users/SOHAM2543/subscriptions","organizations_url":"https://api.github.com/users/SOHAM2543/orgs","repos_url":"https://api.github.com/users/SOHAM2543/repos","events_url":"https://api.github.com/users/SOHAM2543/events{/privacy}","received_events_url":"https://api.github.com/users/SOHAM2543/received_events","type":"User","site_admin":false,"name":"Soham Vishnu Jagtap","company":null,"blog":"","location":"Pune Maharashtra","email":null,"hireable":null,"bio":"Data Science Enthusiast | Web Developer | Python | Java | BVCOEL Pune CS'24","twitter_username":null,"public_repos":20,"public_gists":0,"followers":0,"following":0,"created_at":"2021-09-22T06:37:53Z","updated_at":"2023-12-24T09:03:25Z","private_gists":0,"total_private_repos":0,"owned_private_repos":0,"disk_usage":55741,"collaborators":0,"two_factor_authentication":false,"plan":{"name":"free","space":976562499,"collaborators":0,"private_repos":10000}}
[info] 
[info] +  Success! Logged into GitHub as SOHAM2543 
[info] 
